=========================
Fcitx 5.0.16 -- Get Signal No.: 6
Date: try "date -d @1654178623" if you are using GNU date ***
ProcessID: 5780
fcitx5(+0x129fc)[0x558d4ed3c9fc]
/usr/lib/libc.so.6(+0x3e8e0)[0x7fe9b92e98e0]
/usr/lib/libc.so.6(+0x8e36c)[0x7fe9b933936c]
/usr/lib/libc.so.6(raise+0x18)[0x7fe9b92e9838]
/usr/lib/libc.so.6(abort+0xcf)[0x7fe9b92d3535]
/usr/lib/libstdc++.so.6(+0x99833)[0x7fe9b9573833]
/usr/lib/libstdc++.so.6(+0xa5bfc)[0x7fe9b957fbfc]
/usr/lib/libstdc++.so.6(+0xa4bba)[0x7fe9b957ebba]
/usr/lib/libstdc++.so.6(__gxx_personality_v0+0x9a)[0x7fe9b957f33a]
/usr/lib/libgcc_s.so.1(+0x16774)[0x7fe9b94ce774]
/usr/lib/libgcc_s.so.1(_Unwind_Resume+0x12d)[0x7fe9b94cf1ed]
fcitx5(+0xa630)[0x558d4ed34630]
fcitx5(+0x1ae92)[0x558d4ed44e92]
/usr/lib/libFcitx5Core.so.7(_ZNK5fcitx8Instance9postEventERNS_5EventE+0x206)[0x7fe9b9852436]
/usr/lib/libFcitx5Core.so.7(_ZN5fcitx12InputContext8keyEventERNS_8KeyEventE+0xa6)[0x7fe9b9874ef6]
/usr/lib/fcitx5/libwaylandim.so(+0x1b554)[0x7fe9b72bb554]
/usr/lib/fcitx5/libwaylandim.so(+0x22255)[0x7fe9b72c2255]
/usr/lib/libffi.so.8(+0x7536)[0x7fe9b7455536]
/usr/lib/libffi.so.8(+0x4037)[0x7fe9b7452037]
/usr/lib/libwayland-client.so.0(+0x75e2)[0x7fe9b77cc5e2]
/usr/lib/libwayland-client.so.0(+0x7d73)[0x7fe9b77ccd73]
/usr/lib/libwayland-client.so.0(wl_display_dispatch_queue_pending+0x7c)[0x7fe9b77ccf8c]
/usr/lib/fcitx5/libwayland.so(+0xffaf)[0x7fe9b77e5faf]
/usr/lib/libFcitx5Utils.so.2(+0x3d783)[0x7fe9b9792783]
/usr/lib/libsystemd.so.0(+0x7997b)[0x7fe9b91f697b]
/usr/lib/libsystemd.so.0(sd_event_dispatch+0x116)[0x7fe9b9200fd6]
/usr/lib/libsystemd.so.0(sd_event_run+0x119)[0x7fe9b9201259]
/usr/lib/libsystemd.so.0(sd_event_loop+0x60)[0x7fe9b9201430]
/usr/lib/libFcitx5Utils.so.2(_ZN5fcitx9EventLoop4execEv+0x16)[0x7fe9b9790f26]
/usr/lib/libFcitx5Core.so.7(_ZN5fcitx8Instance4execEv+0x57)[0x7fe9b9855157]
fcitx5(+0x10f28)[0x558d4ed3af28]
/usr/lib/libc.so.6(+0x29290)[0x7fe9b92d4290]
